<?xml version="1.0" encoding="UTF-8"?>
<!-- Generated by org.testng.reporters.JUnitXMLReporter -->
<testsuite hostname="LAPTOP-3AFRAOD0" ignored="0" name="Registration Test" tests="3" failures="0" timestamp="21 Oct 2019 08:32:16 GMT" time="5.547" errors="0">
  <testcase name="fillFormOfKid" time="0.732" classname="testcases.RegistrationTest"/>
  <testcase name="fillFormOfParent" time="1.127" classname="testcases.RegistrationTest"/>
  <testcase name="SaveForm" time="2.202" classname="testcases.RegistrationTest"/>
</testsuite> <!-- Registration Test -->
