<?xml version="1.0" encoding="UTF-8"?>
<!-- Generated by org.testng.reporters.JUnitXMLReporter -->
<testsuite hostname="LAPTOP-3AFRAOD0" ignored="0" name="Reports Test" tests="3" failures="0" timestamp="21 Oct 2019 08:32:30 GMT" time="11.637" errors="0">
  <testcase name="makingAlergieReport" time="5.364" classname="testcases.ReportsTest"/>
  <testcase name="makingExceptionReport" time="3.459" classname="testcases.ReportsTest"/>
  <testcase name="makingPresenceReport" time="2.811" classname="testcases.ReportsTest"/>
</testsuite> <!-- Reports Test -->
